# JRE version: OpenJDK Runtime Environment 18.9 (11.0.14.1+1) (build 11.0.14.1+1)
# Java VM: OpenJDK 64-Bit Server VM 18.9 (11.0.14.1+1, mixed mode, tiered, compressed oops, g1 gc, windows-amd64)
Heap:
 garbage-first heap   total 399360K, used 292227K [0x0000000080000000, 0x0000000100000000)
  region size 1024K, 19 young (19456K), 3 survivors (3072K)
 Metaspace       used 185793K, capacity 194500K, committed 194728K, reserved 686080K
  class space    used 23074K, capacity 26219K, committed 26264K, reserved 516096K
GC Heap History (20 events):
Event: 10636.843 GC heap after
{Heap after GC invocations=460 (full 0):
 garbage-first heap   total 399360K, used 278664K [0x0000000080000000, 0x0000000100000000)
  region size 1024K, 5 young (5120K), 5 survivors (5120K)
 Metaspace       used 185773K, capacity 194484K, committed 194728K, reserved 686080K
  class space    used 23071K, capacity 26214K, committed 26264K, reserved 516096K
}
Event: 10638.435 GC heap before
{Heap before GC invocations=460 (full 0):
 garbage-first heap   total 399360K, used 293000K [0x0000000080000000, 0x0000000100000000)
  region size 1024K, 19 young (19456K), 5 survivors (5120K)
 Metaspace       used 185773K, capacity 194484K, committed 194728K, reserved 686080K
  class space    used 23071K, capacity 26214K, committed 26264K, reserved 516096K
}
Event: 10638.446 GC heap after
{Heap after GC invocations=461 (full 0):
 garbage-first heap   total 399360K, used 277428K [0x0000000080000000, 0x0000000100000000)
  region size 1024K, 2 young (2048K), 2 survivors (2048K)
 Metaspace       used 185773K, capacity 194484K, committed 194728K, reserved 686080K
  class space    used 23071K, capacity 26214K, committed 26264K, reserved 516096K
}
Event: 10643.742 GC heap before
{Heap before GC invocations=461 (full 0):
 garbage-first heap   total 399360K, used 292788K [0x0000000080000000, 0x0000000100000000)
  region size 1024K, 18 young (18432K), 2 survivors (2048K)
 Metaspace       used 185773K, capacity 194484K, committed 194728K, reserved 686080K
  class space    used 23071K, capacity 26214K, committed 26264K, reserved 516096K
}
Event: 10643.747 GC heap after
{Heap after GC invocations=462 (full 0):
 garbage-first heap   total 399360K, used 276967K [0x0000000080000000, 0x0000000100000000)
  region size 1024K, 1 young (1024K), 1 survivors (1024K)
 Metaspace       used 185773K, capacity 194484K, committed 194728K, reserved 686080K
  class space    used 23071K, capacity 26214K, committed 26264K, reserved 516096K
}
Event: 10650.485 GC heap before
{Heap before GC invocations=463 (full 0):
 garbage-first heap   total 399360K, used 338407K [0x0000000080000000, 0x0000000100000000)
  region size 1024K, 62 young (63488K), 1 survivors (1024K)
 Metaspace       used 185775K, capacity 194487K, committed 194728K, reserved 686080K
  class space    used 23072K, capacity 26215K, committed 26264K, reserved 516096K
}
Event: 10650.496 GC heap after
{Heap after GC invocations=464 (full 0):
 garbage-first heap   total 399360K, used 278562K [0x0000000080000000, 0x0000000100000000)
  region size 1024K, 4 young (4096K), 4 survivors (4096K)
 Metaspace       used 185775K, capacity 194487K, committed 194728K, reserved 686080K
  class space    used 23072K, capacity 26215K, committed 26264K, reserved 516096K
}
Event: 10655.912 GC heap before
{Heap before GC invocations=464 (full 0):
 garbage-first heap   total 399360K, used 293922K [0x0000000080000000, 0x0000000100000000)
  region size 1024K, 19 young (19456K), 4 survivors (4096K)
 Metaspace       used 185775K, capacity 194487K, committed 194728K, reserved 686080K
  class space    used 23072K, capacity 26215K, committed 26264K, reserved 516096K
}
Event: 10655.921 GC heap after
{Heap after GC invocations=465 (full 0):
 garbage-first heap   total 399360K, used 274829K [0x0000000080000000, 0x0000000100000000)
  region size 1024K, 1 young (1024K), 1 survivors (1024K)
 Metaspace       used 185775K, capacity 194487K, committed 194728K, reserved 686080K
  class space    used 23072K, capacity 26215K, committed 26264K, reserved 516096K
}
Event: 10658.023 GC heap before
{Heap before GC invocations=465 (full 0):
 garbage-first heap   total 399360K, used 286093K [0x0000000080000000, 0x0000000100000000)
  region size 1024K, 13 young (13312K), 1 survivors (1024K)
 Metaspace       used 185775K, capacity 194487K, committed 194728K, reserved 686080K
  class space    used 23072K, capacity 26215K, committed 26264K, reserved 516096K
}
Event: 10658.029 GC heap after
{Heap after GC invocations=466 (full 0):
 garbage-first heap   total 399360K, used 274557K [0x0000000080000000, 0x0000000100000000)
  region size 1024K, 1 young (1024K), 1 survivors (1024K)
 Metaspace       used 185775K, capacity 194487K, committed 194728K, reserved 686080K
  class space    used 23072K, capacity 26215K, committed 26264K, reserved 516096K
}
Event: 10665.248 GC heap before
{Heap before GC invocations=467 (full 0):
 garbage-first heap   total 399360K, used 335528K [0x0000000080000000, 0x0000000100000000)
  region size 1024K, 62 young (63488K), 1 survivors (1024K)
 Metaspace       used 185775K, capacity 194487K, committed 194728K, reserved 686080K
  class space    used 23072K, capacity 26215K, committed 26264K, reserved 516096K
}
Event: 10665.258 GC heap after
{Heap after GC invocations=468 (full 0):
 garbage-first heap   total 399360K, used 275924K [0x0000000080000000, 0x0000000100000000)
  region size 1024K, 4 young (4096K), 4 survivors (4096K)
 Metaspace       used 185775K, capacity 194487K, committed 194728K, reserved 686080K
  class space    used 23072K, capacity 26215K, committed 26264K, reserved 516096K
}
Event: 10667.754 GC heap before
{Heap before GC invocations=468 (full 0):
 garbage-first heap   total 399360K, used 291284K [0x0000000080000000, 0x0000000100000000)
  region size 1024K, 19 young (19456K), 4 survivors (4096K)
 Metaspace       used 185776K, capacity 194487K, committed 194728K, reserved 686080K
  class space    used 23072K, capacity 26215K, committed 26264K, reserved 516096K
}
Event: 10667.765 GC heap after
{Heap after GC invocations=469 (full 0):
 garbage-first heap   total 399360K, used 273964K [0x0000000080000000, 0x0000000100000000)
  region size 1024K, 1 young (1024K), 1 survivors (1024K)
 Metaspace       used 185776K, capacity 194487K, committed 194728K, reserved 686080K
  class space    used 23072K, capacity 26215K, committed 26264K, reserved 516096K
}
Event: 10669.440 GC heap before
{Heap before GC invocations=469 (full 0):
 garbage-first heap   total 399360K, used 284204K [0x0000000080000000, 0x0000000100000000)
  region size 1024K, 12 young (12288K), 1 survivors (1024K)
 Metaspace       used 185776K, capacity 194487K, committed 194728K, reserved 686080K
  class space    used 23072K, capacity 26215K, committed 26264K, reserved 516096K
}
Event: 10669.444 GC heap after
{Heap after GC invocations=470 (full 0):
 garbage-first heap   total 399360K, used 273619K [0x0000000080000000, 0x0000000100000000)
  region size 1024K, 1 young (1024K), 1 survivors (1024K)
 Metaspace       used 185776K, capacity 194487K, committed 194728K, reserved 686080K
  class space    used 23072K, capacity 26215K, committed 26264K, reserved 516096K
}
Event: 11662.568 GC heap before
{Heap before GC invocations=471 (full 0):
 garbage-first heap   total 399360K, used 335059K [0x0000000080000000, 0x0000000100000000)
  region size 1024K, 61 young (62464K), 1 survivors (1024K)
 Metaspace       used 185792K, capacity 194500K, committed 194728K, reserved 686080K
  class space    used 23074K, capacity 26219K, committed 26264K, reserved 516096K
}
Event: 11662.580 GC heap after
{Heap after GC invocations=472 (full 0):
 garbage-first heap   total 399360K, used 275843K [0x0000000080000000, 0x0000000100000000)
  region size 1024K, 3 young (3072K), 3 survivors (3072K)
 Metaspace       used 185792K, capacity 194500K, committed 194728K, reserved 686080K
  class space    used 23074K, capacity 26219K, committed 26264K, reserved 516096K
}
Event: 11662.889 GC heap before
{Heap before GC invocations=472 (full 0):
 garbage-first heap   total 399360K, used 291203K [0x0000000080000000, 0x0000000100000000)
  region size 1024K, 19 young (19456K), 3 survivors (3072K)
 Metaspace       used 185793K, capacity 194500K, committed 194728K, reserved 686080K
  class space    used 23074K, capacity 26219K, committed 26264K, reserved 516096K
}

